<?xml version="1.0" encoding="UTF-8"?>
<!-- Generated by org.testng.reporters.JUnitReportReporter -->
<testsuite hostname="Vishnu" name="com.learntestng.AppTest" tests="1" failures="0" timestamp="15 May 2015 12:30:21 GMT" time="0.102" errors="0">
  <testcase name="sendMail" time="0.102" classname="com.learntestng.AppTest"/>
</testsuite>
