<?xml version="1.0" encoding="UTF-8"?>
<!-- Generated by org.testng.reporters.JUnitReportReporter -->
<testsuite hostname="Vishnu" name="com.learntestng.SampleTest" tests="1" failures="0" timestamp="15 May 2015 12:30:21 GMT" time="0.002" errors="0">
  <testcase name="f" time="0.002" classname="com.learntestng.SampleTest"/>
</testsuite>
